2021-10-01 09:06:49,480:INFO:PyCaret Supervised Module
2021-10-01 09:06:49,481:INFO:ML Usecase: classification
2021-10-01 09:06:49,481:INFO:version 2.3.3
2021-10-01 09:06:49,482:INFO:Initializing setup()
2021-10-01 09:06:49,483:INFO:setup(target=y, ml_usecase=classification, available_plots={'parameter': 'Hyperparameters', 'auc': 'AUC', 'confusion_matrix': 'Confusion Matrix', 'threshold': 'Threshold', 'pr': 'Precision Recall', 'error': 'Prediction Error', 'class_report': 'Class Report', 'rfe': 'Feature Selection', 'learning': 'Learning Curve', 'manifold': 'Manifold Learning', 'calibration': 'Calibration Curve', 'vc': 'Validation Curve', 'dimension': 'Dimensions', 'feature': 'Feature Importance', 'feature_all': 'Feature Importance (All)', 'boundary': 'Decision Boundary', 'lift': 'Lift Chart', 'gain': 'Gain Chart', 'tree': 'Decision Tree', 'ks': 'KS Statistic Plot'}, train_size=0.7, test_data=None, preprocess=True, imputation_type=simple, iterative_imputation_iters=5, categorical_features=None, categorical_imputation=constant, categorical_iterative_imputer=lightgbm, ordinal_features=None, high_cardinality_features=None, high_cardinality_method=frequency, numeric_features=None, numeric_imputation=mean, numeric_iterative_imputer=lightgbm, date_features=None, ignore_features=None, normalize=False, normalize_method=zscore, transformation=False, transformation_method=yeo-johnson, handle_unknown_categorical=True, unknown_categorical_method=least_frequent, pca=False, pca_method=linear, pca_components=None, ignore_low_variance=False, combine_rare_levels=False, rare_level_threshold=0.1, bin_numeric_features=None, remove_outliers=False, outliers_threshold=0.05, remove_multicollinearity=False, multicollinearity_threshold=0.9, remove_perfect_collinearity=True, create_clusters=False, cluster_iter=20, polynomial_features=False, polynomial_degree=2, trigonometry_features=False, polynomial_threshold=0.1, group_features=None, group_names=None, feature_selection=False, feature_selection_threshold=0.8, feature_selection_method=classic, feature_interaction=False, feature_ratio=False, interaction_threshold=0.01, fix_imbalance=False, fix_imbalance_method=None, transform_target=False, transform_target_method=box-cox, data_split_shuffle=True, data_split_stratify=False, fold_strategy=stratifiedkfold, fold=10, fold_shuffle=False, fold_groups=None, n_jobs=-1, use_gpu=False, custom_pipeline=None, html=True, session_id=123, log_experiment=False, experiment_name=None, log_plots=False, log_profile=False, log_data=False, silent=False, verbose=True, profile=False, profile_kwargs=None, display=None)
2021-10-01 09:06:49,487:INFO:Checking environment
2021-10-01 09:06:49,487:INFO:python_version: 3.8.11
2021-10-01 09:06:49,487:INFO:python_build: ('default', 'Aug  6 2021 09:57:55')
2021-10-01 09:06:49,487:INFO:machine: AMD64
2021-10-01 09:06:49,527:INFO:platform: Windows-10-10.0.19043-SP0
2021-10-01 09:06:49,527:INFO:Memory: svmem(total=8469598208, available=828997632, percent=90.2, used=7640600576, free=828997632)
2021-10-01 09:06:49,527:INFO:Physical Core: 2
2021-10-01 09:06:49,527:INFO:Logical Core: 4
2021-10-01 09:06:49,527:INFO:Checking libraries
2021-10-01 09:06:49,528:INFO:pd==1.3.2
2021-10-01 09:06:49,528:INFO:numpy==1.19.5
2021-10-01 09:06:49,528:INFO:sklearn==0.23.2
2021-10-01 09:06:49,528:INFO:lightgbm==3.2.1
2021-10-01 09:07:02,469:INFO:catboost==0.26.1
2021-10-01 09:07:18,001:INFO:xgboost==1.4.2
2021-10-01 09:07:18,975:INFO:mlflow==1.19.0
2021-10-01 09:07:18,975:INFO:Checking Exceptions
2021-10-01 09:07:18,976:INFO:Declaring global variables
2021-10-01 09:07:18,976:INFO:USI: 6847
2021-10-01 09:07:18,976:INFO:pycaret_globals: {'USI', 'fold_generator', 'experiment__', 'target_param', 'y_test', '_gpu_n_jobs_param', '_all_models', 'y_train', 'transform_target_method_param', 'iterative_imputation_iters_param', 'logging_param', 'n_jobs_param', 'display_container', 'pycaret_globals', 'exp_name_log', 'transform_target_param', 'stratify_param', 'imputation_classifier', 'master_model_container', 'X_train', 'log_plots_param', 'X_test', 'seed', '_all_models_internal', '_available_plots', '_all_metrics', '_ml_usecase', 'fold_param', 'prep_pipe', '_internal_pipeline', 'create_model_container', 'fold_shuffle_param', 'fold_groups_param', 'X', 'fold_groups_param_full', 'gpu_param', 'fix_imbalance_method_param', 'imputation_regressor', 'y', 'html_param', 'fix_imbalance_param', 'data_before_preprocess'}
2021-10-01 09:07:18,976:INFO:Preparing display monitor
2021-10-01 09:07:18,977:INFO:Preparing display monitor
2021-10-01 09:07:18,998:INFO:Importing libraries
2021-10-01 09:07:18,998:INFO:Copying data for preprocessing
2021-10-01 09:07:19,016:INFO:Declaring preprocessing parameters
2021-10-01 09:07:19,027:INFO:Creating preprocessing pipeline
2021-10-01 09:07:19,184:INFO:Preprocessing pipeline created successfully
2021-10-01 09:07:19,185:ERROR:(Process Exit): setup has been interupted with user command 'quit'. setup must rerun.
2021-10-01 09:07:19,185:INFO:Creating global containers
2021-10-01 09:07:19,195:INFO:Internal pipeline: Pipeline(memory=None, steps=[('empty_step', 'passthrough')], verbose=False)
2021-10-01 09:07:55,744:INFO:Creating grid variables
2021-10-01 09:07:55,784:INFO:create_model_container: 0
2021-10-01 09:07:55,784:INFO:master_model_container: 0
2021-10-01 09:07:55,785:INFO:display_container: 1
2021-10-01 09:07:55,793:INFO:Pipeline(memory=None,
         steps=[('dtypes',
                 DataTypes_Auto_infer(categorical_features=[],
                                      display_types=True, features_todrop=[],
                                      id_columns=['Unnamed: 0'],
                                      ml_usecase='classification',
                                      numerical_features=[], target='y',
                                      time_features=[])),
                ('imputer',
                 Simple_Imputer(categorical_strategy='not_available',
                                fill_value_categorical=None,
                                fill_value_numerical=None,
                                numeric...
                ('scaling', 'passthrough'), ('P_transform', 'passthrough'),
                ('binn', 'passthrough'), ('rem_outliers', 'passthrough'),
                ('cluster_all', 'passthrough'), ('dummy', Dummify(target='y')),
                ('fix_perfect', Remove_100(target='y')),
                ('clean_names', Clean_Colum_Names()),
                ('feature_select', 'passthrough'), ('fix_multi', 'passthrough'),
                ('dfs', 'passthrough'), ('pca', 'passthrough')],
         verbose=False)
2021-10-01 09:07:55,793:INFO:setup() succesfully completed......................................
2021-10-01 09:08:55,028:INFO:Initializing compare_models()
2021-10-01 09:08:55,028:INFO:compare_models(include=None, fold=None, round=4, cross_validation=True, sort=Accuracy, n_select=1, budget_time=None, turbo=True, errors=ignore, fit_kwargs=None, groups=None, verbose=True, display=None, exclude=None)
2021-10-01 09:08:55,028:INFO:Checking exceptions
2021-10-01 09:08:55,030:INFO:Preparing display monitor
2021-10-01 09:08:55,031:INFO:Preparing display monitor
2021-10-01 09:08:55,103:INFO:Initializing Logistic Regression
2021-10-01 09:08:55,104:INFO:Total runtime is 1.665353775024414e-05 minutes
2021-10-01 09:08:55,126:INFO:SubProcess create_model() called ==================================
2021-10-01 09:08:55,127:INFO:Initializing create_model()
2021-10-01 09:08:55,127:INFO:create_model(estimator=lr, fold=StratifiedKFold(n_splits=10, random_state=None, shuffle=False), round=4, cross_validation=True, predict=True, fit_kwargs={}, groups=None, refit=False, verbose=False, system=False, metrics=None, display=<pycaret.internal.Display.Display object at 0x000001A97ED519A0>, kwargs={})
2021-10-01 09:08:55,127:INFO:Checking exceptions
2021-10-01 09:08:55,128:INFO:Importing libraries
2021-10-01 09:08:55,128:INFO:Copying training dataset
2021-10-01 09:08:55,131:INFO:Defining folds
2021-10-01 09:08:55,131:INFO:Declaring metric variables
2021-10-01 09:08:55,157:INFO:Importing untrained model
2021-10-01 09:08:55,182:INFO:Logistic Regression Imported succesfully
2021-10-01 09:08:55,236:INFO:Starting cross validation
2021-10-01 09:08:55,237:INFO:Cross validating with StratifiedKFold(n_splits=10, random_state=None, shuffle=False), n_jobs=-1
2021-10-01 09:09:14,387:INFO:Calculating mean and std
2021-10-01 09:09:14,389:INFO:Creating metrics dataframe
2021-10-01 09:09:14,401:INFO:Uploading results into container
2021-10-01 09:09:14,401:INFO:Uploading model into container now
2021-10-01 09:09:14,402:INFO:create_model_container: 1
2021-10-01 09:09:14,402:INFO:master_model_container: 1
2021-10-01 09:09:14,402:INFO:display_container: 2
2021-10-01 09:09:14,403:INFO:LogisticRegression(C=1.0, class_weight=None, dual=False, fit_intercept=True,
                   intercept_scaling=1, l1_ratio=None, max_iter=1000,
                   multi_class='auto', n_jobs=None, penalty='l2',
                   random_state=123, solver='lbfgs', tol=0.0001, verbose=0,
                   warm_start=False)
2021-10-01 09:09:14,404:INFO:create_model() succesfully completed......................................
2021-10-01 09:09:14,546:INFO:SubProcess create_model() end ==================================
2021-10-01 09:09:14,546:INFO:Creating metrics dataframe
2021-10-01 09:09:14,595:INFO:Initializing K Neighbors Classifier
2021-10-01 09:09:14,596:INFO:Total runtime is 0.32487240632375086 minutes
2021-10-01 09:09:14,619:INFO:SubProcess create_model() called ==================================
2021-10-01 09:09:14,620:INFO:Initializing create_model()
2021-10-01 09:09:14,620:INFO:create_model(estimator=knn, fold=StratifiedKFold(n_splits=10, random_state=None, shuffle=False), round=4, cross_validation=True, predict=True, fit_kwargs={}, groups=None, refit=False, verbose=False, system=False, metrics=None, display=<pycaret.internal.Display.Display object at 0x000001A97ED519A0>, kwargs={})
2021-10-01 09:09:14,620:INFO:Checking exceptions
2021-10-01 09:09:14,621:INFO:Importing libraries
2021-10-01 09:09:14,621:INFO:Copying training dataset
2021-10-01 09:09:14,627:INFO:Defining folds
2021-10-01 09:09:14,627:INFO:Declaring metric variables
2021-10-01 09:09:14,659:INFO:Importing untrained model
2021-10-01 09:09:14,680:INFO:K Neighbors Classifier Imported succesfully
2021-10-01 09:09:14,732:INFO:Starting cross validation
2021-10-01 09:09:14,733:INFO:Cross validating with StratifiedKFold(n_splits=10, random_state=None, shuffle=False), n_jobs=-1
2021-10-01 09:09:32,728:INFO:Calculating mean and std
2021-10-01 09:09:32,731:INFO:Creating metrics dataframe
2021-10-01 09:09:32,745:INFO:Uploading results into container
2021-10-01 09:09:32,745:INFO:Uploading model into container now
2021-10-01 09:09:32,746:INFO:create_model_container: 2
2021-10-01 09:09:32,746:INFO:master_model_container: 2
2021-10-01 09:09:32,747:INFO:display_container: 2
2021-10-01 09:09:32,747:INFO:KNeighborsClassifier(algorithm='auto', leaf_size=30, metric='minkowski',
                     metric_params=None, n_jobs=-1, n_neighbors=5, p=2,
                     weights='uniform')
2021-10-01 09:09:32,747:INFO:create_model() succesfully completed......................................
2021-10-01 09:09:32,901:INFO:SubProcess create_model() end ==================================
2021-10-01 09:09:32,901:INFO:Creating metrics dataframe
2021-10-01 09:09:32,976:INFO:Initializing Naive Bayes
2021-10-01 09:09:32,976:INFO:Total runtime is 0.6312106450398763 minutes
2021-10-01 09:09:33,004:INFO:SubProcess create_model() called ==================================
2021-10-01 09:09:33,004:INFO:Initializing create_model()
2021-10-01 09:09:33,005:INFO:create_model(estimator=nb, fold=StratifiedKFold(n_splits=10, random_state=None, shuffle=False), round=4, cross_validation=True, predict=True, fit_kwargs={}, groups=None, refit=False, verbose=False, system=False, metrics=None, display=<pycaret.internal.Display.Display object at 0x000001A97ED519A0>, kwargs={})
2021-10-01 09:09:33,006:INFO:Checking exceptions
2021-10-01 09:09:33,006:INFO:Importing libraries
2021-10-01 09:09:33,006:INFO:Copying training dataset
2021-10-01 09:09:33,011:INFO:Defining folds
2021-10-01 09:09:33,013:INFO:Declaring metric variables
2021-10-01 09:09:33,033:INFO:Importing untrained model
2021-10-01 09:09:33,062:INFO:Naive Bayes Imported succesfully
2021-10-01 09:09:33,121:INFO:Starting cross validation
2021-10-01 09:09:33,123:INFO:Cross validating with StratifiedKFold(n_splits=10, random_state=None, shuffle=False), n_jobs=-1
2021-10-01 09:09:33,764:INFO:Calculating mean and std
2021-10-01 09:09:33,767:INFO:Creating metrics dataframe
2021-10-01 09:09:33,782:INFO:Uploading results into container
2021-10-01 09:09:33,782:INFO:Uploading model into container now
2021-10-01 09:09:33,783:INFO:create_model_container: 3
2021-10-01 09:09:33,783:INFO:master_model_container: 3
2021-10-01 09:09:33,783:INFO:display_container: 2
2021-10-01 09:09:33,783:INFO:GaussianNB(priors=None, var_smoothing=1e-09)
2021-10-01 09:09:33,784:INFO:create_model() succesfully completed......................................
2021-10-01 09:09:33,946:INFO:SubProcess create_model() end ==================================
2021-10-01 09:09:33,946:INFO:Creating metrics dataframe
2021-10-01 09:09:34,009:INFO:Initializing Decision Tree Classifier
2021-10-01 09:09:34,009:INFO:Total runtime is 0.6484273115793864 minutes
2021-10-01 09:09:34,043:INFO:SubProcess create_model() called ==================================
2021-10-01 09:09:34,043:INFO:Initializing create_model()
2021-10-01 09:09:34,044:INFO:create_model(estimator=dt, fold=StratifiedKFold(n_splits=10, random_state=None, shuffle=False), round=4, cross_validation=True, predict=True, fit_kwargs={}, groups=None, refit=False, verbose=False, system=False, metrics=None, display=<pycaret.internal.Display.Display object at 0x000001A97ED519A0>, kwargs={})
2021-10-01 09:09:34,044:INFO:Checking exceptions
2021-10-01 09:09:34,045:INFO:Importing libraries
2021-10-01 09:09:34,045:INFO:Copying training dataset
2021-10-01 09:09:34,048:INFO:Defining folds
2021-10-01 09:09:34,048:INFO:Declaring metric variables
2021-10-01 09:09:34,081:INFO:Importing untrained model
2021-10-01 09:09:34,104:INFO:Decision Tree Classifier Imported succesfully
2021-10-01 09:09:34,170:INFO:Starting cross validation
2021-10-01 09:09:34,171:INFO:Cross validating with StratifiedKFold(n_splits=10, random_state=None, shuffle=False), n_jobs=-1
2021-10-01 09:09:36,003:INFO:Calculating mean and std
2021-10-01 09:09:36,005:INFO:Creating metrics dataframe
2021-10-01 09:09:36,018:INFO:Uploading results into container
2021-10-01 09:09:36,018:INFO:Uploading model into container now
2021-10-01 09:09:36,018:INFO:create_model_container: 4
2021-10-01 09:09:36,019:INFO:master_model_container: 4
2021-10-01 09:09:36,019:INFO:display_container: 2
2021-10-01 09:09:36,020:INFO:DecisionTreeClassifier(ccp_alpha=0.0, class_weight=None, criterion='gini',
                       max_depth=None, max_features=None, max_leaf_nodes=None,
                       min_impurity_decrease=0.0, min_impurity_split=None,
                       min_samples_leaf=1, min_samples_split=2,
                       min_weight_fraction_leaf=0.0, presort='deprecated',
                       random_state=123, splitter='best')
2021-10-01 09:09:36,020:INFO:create_model() succesfully completed......................................
2021-10-01 09:09:36,168:INFO:SubProcess create_model() end ==================================
2021-10-01 09:09:36,169:INFO:Creating metrics dataframe
2021-10-01 09:09:36,230:INFO:Initializing SVM - Linear Kernel
2021-10-01 09:09:36,230:INFO:Total runtime is 0.6854439020156861 minutes
2021-10-01 09:09:36,256:INFO:SubProcess create_model() called ==================================
2021-10-01 09:09:36,259:INFO:Initializing create_model()
2021-10-01 09:09:36,259:INFO:create_model(estimator=svm, fold=StratifiedKFold(n_splits=10, random_state=None, shuffle=False), round=4, cross_validation=True, predict=True, fit_kwargs={}, groups=None, refit=False, verbose=False, system=False, metrics=None, display=<pycaret.internal.Display.Display object at 0x000001A97ED519A0>, kwargs={})
2021-10-01 09:09:36,260:INFO:Checking exceptions
2021-10-01 09:09:36,260:INFO:Importing libraries
2021-10-01 09:09:36,260:INFO:Copying training dataset
2021-10-01 09:09:36,264:INFO:Defining folds
2021-10-01 09:09:36,265:INFO:Declaring metric variables
2021-10-01 09:09:36,288:INFO:Importing untrained model
2021-10-01 09:09:36,316:INFO:SVM - Linear Kernel Imported succesfully
2021-10-01 09:09:36,370:INFO:Starting cross validation
2021-10-01 09:09:36,372:INFO:Cross validating with StratifiedKFold(n_splits=10, random_state=None, shuffle=False), n_jobs=-1
2021-10-01 09:09:39,144:INFO:Calculating mean and std
2021-10-01 09:09:39,146:INFO:Creating metrics dataframe
2021-10-01 09:09:39,156:INFO:Uploading results into container
2021-10-01 09:09:39,159:INFO:Uploading model into container now
2021-10-01 09:09:39,159:INFO:create_model_container: 5
2021-10-01 09:09:39,159:INFO:master_model_container: 5
2021-10-01 09:09:39,159:INFO:display_container: 2
2021-10-01 09:09:39,160:INFO:SGDClassifier(alpha=0.0001, average=False, class_weight=None,
              early_stopping=False, epsilon=0.1, eta0=0.001, fit_intercept=True,
              l1_ratio=0.15, learning_rate='optimal', loss='hinge',
              max_iter=1000, n_iter_no_change=5, n_jobs=-1, penalty='l2',
              power_t=0.5, random_state=123, shuffle=True, tol=0.001,
              validation_fraction=0.1, verbose=0, warm_start=False)
2021-10-01 09:09:39,161:INFO:create_model() succesfully completed......................................
2021-10-01 09:09:39,287:INFO:SubProcess create_model() end ==================================
2021-10-01 09:09:39,287:INFO:Creating metrics dataframe
2021-10-01 09:09:39,342:INFO:Initializing Ridge Classifier
2021-10-01 09:09:39,342:INFO:Total runtime is 0.7373105843861898 minutes
2021-10-01 09:09:39,365:INFO:SubProcess create_model() called ==================================
2021-10-01 09:09:39,366:INFO:Initializing create_model()
2021-10-01 09:09:39,366:INFO:create_model(estimator=ridge, fold=StratifiedKFold(n_splits=10, random_state=None, shuffle=False), round=4, cross_validation=True, predict=True, fit_kwargs={}, groups=None, refit=False, verbose=False, system=False, metrics=None, display=<pycaret.internal.Display.Display object at 0x000001A97ED519A0>, kwargs={})
2021-10-01 09:09:39,367:INFO:Checking exceptions
2021-10-01 09:09:39,367:INFO:Importing libraries
2021-10-01 09:09:39,367:INFO:Copying training dataset
2021-10-01 09:09:39,371:INFO:Defining folds
2021-10-01 09:09:39,371:INFO:Declaring metric variables
2021-10-01 09:09:39,396:INFO:Importing untrained model
2021-10-01 09:09:39,419:INFO:Ridge Classifier Imported succesfully
2021-10-01 09:09:39,474:INFO:Starting cross validation
2021-10-01 09:09:39,477:INFO:Cross validating with StratifiedKFold(n_splits=10, random_state=None, shuffle=False), n_jobs=-1
2021-10-01 09:09:40,127:INFO:Calculating mean and std
2021-10-01 09:09:40,129:INFO:Creating metrics dataframe
2021-10-01 09:09:40,139:INFO:Uploading results into container
2021-10-01 09:09:40,139:INFO:Uploading model into container now
2021-10-01 09:09:40,139:INFO:create_model_container: 6
2021-10-01 09:09:40,142:INFO:master_model_container: 6
2021-10-01 09:09:40,142:INFO:display_container: 2
2021-10-01 09:09:40,143:INFO:RidgeClassifier(alpha=1.0, class_weight=None, copy_X=True, fit_intercept=True,
                max_iter=None, normalize=False, random_state=123, solver='auto',
                tol=0.001)
2021-10-01 09:09:40,144:INFO:create_model() succesfully completed......................................
2021-10-01 09:09:40,281:INFO:SubProcess create_model() end ==================================
2021-10-01 09:09:40,281:INFO:Creating metrics dataframe
2021-10-01 09:09:40,335:INFO:Initializing Random Forest Classifier
2021-10-01 09:09:40,335:INFO:Total runtime is 0.7538606047630311 minutes
2021-10-01 09:09:40,363:INFO:SubProcess create_model() called ==================================
2021-10-01 09:09:40,364:INFO:Initializing create_model()
2021-10-01 09:09:40,364:INFO:create_model(estimator=rf, fold=StratifiedKFold(n_splits=10, random_state=None, shuffle=False), round=4, cross_validation=True, predict=True, fit_kwargs={}, groups=None, refit=False, verbose=False, system=False, metrics=None, display=<pycaret.internal.Display.Display object at 0x000001A97ED519A0>, kwargs={})
2021-10-01 09:09:40,365:INFO:Checking exceptions
2021-10-01 09:09:40,365:INFO:Importing libraries
2021-10-01 09:09:40,366:INFO:Copying training dataset
2021-10-01 09:09:40,369:INFO:Defining folds
2021-10-01 09:09:40,369:INFO:Declaring metric variables
2021-10-01 09:09:40,393:INFO:Importing untrained model
2021-10-01 09:09:40,416:INFO:Random Forest Classifier Imported succesfully
2021-10-01 09:09:40,470:INFO:Starting cross validation
2021-10-01 09:09:40,471:INFO:Cross validating with StratifiedKFold(n_splits=10, random_state=None, shuffle=False), n_jobs=-1
2021-10-01 09:09:55,914:INFO:Calculating mean and std
2021-10-01 09:09:55,916:INFO:Creating metrics dataframe
2021-10-01 09:09:55,926:INFO:Uploading results into container
2021-10-01 09:09:55,927:INFO:Uploading model into container now
2021-10-01 09:09:55,927:INFO:create_model_container: 7
2021-10-01 09:09:55,928:INFO:master_model_container: 7
2021-10-01 09:09:55,928:INFO:display_container: 2
2021-10-01 09:09:55,929:INFO:RandomForestClassifier(bootstrap=True, ccp_alpha=0.0, class_weight=None,
                       criterion='gini', max_depth=None, max_features='auto',
                       max_leaf_nodes=None, max_samples=None,
                       min_impurity_decrease=0.0, min_impurity_split=None,
                       min_samples_leaf=1, min_samples_split=2,
                       min_weight_fraction_leaf=0.0, n_estimators=100,
                       n_jobs=-1, oob_score=False, random_state=123, verbose=0,
                       warm_start=False)
2021-10-01 09:09:55,930:INFO:create_model() succesfully completed......................................
2021-10-01 09:09:56,043:INFO:SubProcess create_model() end ==================================
2021-10-01 09:09:56,043:INFO:Creating metrics dataframe
2021-10-01 09:09:56,088:INFO:Initializing Quadratic Discriminant Analysis
2021-10-01 09:09:56,088:INFO:Total runtime is 1.0164143244425456 minutes
2021-10-01 09:09:56,113:INFO:SubProcess create_model() called ==================================
2021-10-01 09:09:56,113:INFO:Initializing create_model()
2021-10-01 09:09:56,114:INFO:create_model(estimator=qda, fold=StratifiedKFold(n_splits=10, random_state=None, shuffle=False), round=4, cross_validation=True, predict=True, fit_kwargs={}, groups=None, refit=False, verbose=False, system=False, metrics=None, display=<pycaret.internal.Display.Display object at 0x000001A97ED519A0>, kwargs={})
2021-10-01 09:09:56,115:INFO:Checking exceptions
2021-10-01 09:09:56,115:INFO:Importing libraries
2021-10-01 09:09:56,115:INFO:Copying training dataset
2021-10-01 09:09:56,118:INFO:Defining folds
2021-10-01 09:09:56,119:INFO:Declaring metric variables
2021-10-01 09:09:56,145:INFO:Importing untrained model
2021-10-01 09:09:56,184:INFO:Quadratic Discriminant Analysis Imported succesfully
2021-10-01 09:09:56,412:INFO:Starting cross validation
2021-10-01 09:09:56,414:INFO:Cross validating with StratifiedKFold(n_splits=10, random_state=None, shuffle=False), n_jobs=-1
2021-10-01 09:09:58,736:INFO:Calculating mean and std
2021-10-01 09:09:58,738:INFO:Creating metrics dataframe
2021-10-01 09:09:58,749:INFO:Uploading results into container
2021-10-01 09:09:58,749:INFO:Uploading model into container now
2021-10-01 09:09:58,749:INFO:create_model_container: 8
2021-10-01 09:09:58,750:INFO:master_model_container: 8
2021-10-01 09:09:58,750:INFO:display_container: 2
2021-10-01 09:09:58,751:INFO:QuadraticDiscriminantAnalysis(priors=None, reg_param=0.0,
                              store_covariance=False, tol=0.0001)
2021-10-01 09:09:58,751:INFO:create_model() succesfully completed......................................
2021-10-01 09:09:58,888:INFO:SubProcess create_model() end ==================================
2021-10-01 09:09:58,888:INFO:Creating metrics dataframe
2021-10-01 09:09:58,952:INFO:Initializing Ada Boost Classifier
2021-10-01 09:09:58,952:INFO:Total runtime is 1.0641439278920493 minutes
2021-10-01 09:09:58,979:INFO:SubProcess create_model() called ==================================
2021-10-01 09:09:58,980:INFO:Initializing create_model()
2021-10-01 09:09:58,980:INFO:create_model(estimator=ada, fold=StratifiedKFold(n_splits=10, random_state=None, shuffle=False), round=4, cross_validation=True, predict=True, fit_kwargs={}, groups=None, refit=False, verbose=False, system=False, metrics=None, display=<pycaret.internal.Display.Display object at 0x000001A97ED519A0>, kwargs={})
2021-10-01 09:09:58,980:INFO:Checking exceptions
2021-10-01 09:09:58,980:INFO:Importing libraries
2021-10-01 09:09:58,981:INFO:Copying training dataset
2021-10-01 09:09:58,984:INFO:Defining folds
2021-10-01 09:09:58,984:INFO:Declaring metric variables
2021-10-01 09:09:59,012:INFO:Importing untrained model
2021-10-01 09:09:59,038:INFO:Ada Boost Classifier Imported succesfully
2021-10-01 09:09:59,090:INFO:Starting cross validation
2021-10-01 09:09:59,093:INFO:Cross validating with StratifiedKFold(n_splits=10, random_state=None, shuffle=False), n_jobs=-1
2021-10-01 09:10:06,021:INFO:Calculating mean and std
2021-10-01 09:10:06,023:INFO:Creating metrics dataframe
2021-10-01 09:10:06,034:INFO:Uploading results into container
2021-10-01 09:10:06,034:INFO:Uploading model into container now
2021-10-01 09:10:06,034:INFO:create_model_container: 9
2021-10-01 09:10:06,034:INFO:master_model_container: 9
2021-10-01 09:10:06,035:INFO:display_container: 2
2021-10-01 09:10:06,036:INFO:AdaBoostClassifier(algorithm='SAMME.R', base_estimator=None, learning_rate=1.0,
                   n_estimators=50, random_state=123)
2021-10-01 09:10:06,036:INFO:create_model() succesfully completed......................................
2021-10-01 09:10:06,177:INFO:SubProcess create_model() end ==================================
2021-10-01 09:10:06,177:INFO:Creating metrics dataframe
2021-10-01 09:10:06,238:INFO:Initializing Gradient Boosting Classifier
2021-10-01 09:10:06,238:INFO:Total runtime is 1.1855805436770122 minutes
2021-10-01 09:10:06,263:INFO:SubProcess create_model() called ==================================
2021-10-01 09:10:06,264:INFO:Initializing create_model()
2021-10-01 09:10:06,264:INFO:create_model(estimator=gbc, fold=StratifiedKFold(n_splits=10, random_state=None, shuffle=False), round=4, cross_validation=True, predict=True, fit_kwargs={}, groups=None, refit=False, verbose=False, system=False, metrics=None, display=<pycaret.internal.Display.Display object at 0x000001A97ED519A0>, kwargs={})
2021-10-01 09:10:06,265:INFO:Checking exceptions
2021-10-01 09:10:06,265:INFO:Importing libraries
2021-10-01 09:10:06,266:INFO:Copying training dataset
2021-10-01 09:10:06,270:INFO:Defining folds
2021-10-01 09:10:06,270:INFO:Declaring metric variables
2021-10-01 09:10:06,294:INFO:Importing untrained model
2021-10-01 09:10:06,314:INFO:Gradient Boosting Classifier Imported succesfully
2021-10-01 09:10:06,367:INFO:Starting cross validation
2021-10-01 09:10:06,369:INFO:Cross validating with StratifiedKFold(n_splits=10, random_state=None, shuffle=False), n_jobs=-1
2021-10-01 09:10:29,896:INFO:Calculating mean and std
2021-10-01 09:10:29,898:INFO:Creating metrics dataframe
2021-10-01 09:10:29,912:INFO:Uploading results into container
2021-10-01 09:10:29,912:INFO:Uploading model into container now
2021-10-01 09:10:29,912:INFO:create_model_container: 10
2021-10-01 09:10:29,913:INFO:master_model_container: 10
2021-10-01 09:10:29,913:INFO:display_container: 2
2021-10-01 09:10:29,915:INFO:GradientBoostingClassifier(ccp_alpha=0.0, criterion='friedman_mse', init=None,
                           learning_rate=0.1, loss='deviance', max_depth=3,
                           max_features=None, max_leaf_nodes=None,
                           min_impurity_decrease=0.0, min_impurity_split=None,
                           min_samples_leaf=1, min_samples_split=2,
                           min_weight_fraction_leaf=0.0, n_estimators=100,
                           n_iter_no_change=None, presort='deprecated',
                           random_state=123, subsample=1.0, tol=0.0001,
                           validation_fraction=0.1, verbose=0,
                           warm_start=False)
2021-10-01 09:10:29,915:INFO:create_model() succesfully completed......................................
2021-10-01 09:10:30,064:INFO:SubProcess create_model() end ==================================
2021-10-01 09:10:30,064:INFO:Creating metrics dataframe
2021-10-01 09:10:30,152:INFO:Initializing Linear Discriminant Analysis
2021-10-01 09:10:30,153:INFO:Total runtime is 1.5841597199440003 minutes
2021-10-01 09:10:30,180:INFO:SubProcess create_model() called ==================================
2021-10-01 09:10:30,181:INFO:Initializing create_model()
2021-10-01 09:10:30,181:INFO:create_model(estimator=lda, fold=StratifiedKFold(n_splits=10, random_state=None, shuffle=False), round=4, cross_validation=True, predict=True, fit_kwargs={}, groups=None, refit=False, verbose=False, system=False, metrics=None, display=<pycaret.internal.Display.Display object at 0x000001A97ED519A0>, kwargs={})
2021-10-01 09:10:30,181:INFO:Checking exceptions
2021-10-01 09:10:30,182:INFO:Importing libraries
2021-10-01 09:10:30,182:INFO:Copying training dataset
2021-10-01 09:10:30,186:INFO:Defining folds
2021-10-01 09:10:30,186:INFO:Declaring metric variables
2021-10-01 09:10:30,215:INFO:Importing untrained model
2021-10-01 09:10:30,238:INFO:Linear Discriminant Analysis Imported succesfully
2021-10-01 09:10:30,296:INFO:Starting cross validation
2021-10-01 09:10:30,298:INFO:Cross validating with StratifiedKFold(n_splits=10, random_state=None, shuffle=False), n_jobs=-1
2021-10-01 09:10:32,763:INFO:Calculating mean and std
2021-10-01 09:10:32,766:INFO:Creating metrics dataframe
2021-10-01 09:10:32,779:INFO:Uploading results into container
2021-10-01 09:10:32,779:INFO:Uploading model into container now
2021-10-01 09:10:32,780:INFO:create_model_container: 11
2021-10-01 09:10:32,781:INFO:master_model_container: 11
2021-10-01 09:10:32,781:INFO:display_container: 2
2021-10-01 09:10:32,782:INFO:LinearDiscriminantAnalysis(n_components=None, priors=None, shrinkage=None,
                           solver='svd', store_covariance=False, tol=0.0001)
2021-10-01 09:10:32,783:INFO:create_model() succesfully completed......................................
2021-10-01 09:10:32,922:INFO:SubProcess create_model() end ==================================
2021-10-01 09:10:32,923:INFO:Creating metrics dataframe
2021-10-01 09:10:32,989:INFO:Initializing Extra Trees Classifier
2021-10-01 09:10:32,990:INFO:Total runtime is 1.6314518292744955 minutes
2021-10-01 09:10:33,019:INFO:SubProcess create_model() called ==================================
2021-10-01 09:10:33,019:INFO:Initializing create_model()
2021-10-01 09:10:33,020:INFO:create_model(estimator=et, fold=StratifiedKFold(n_splits=10, random_state=None, shuffle=False), round=4, cross_validation=True, predict=True, fit_kwargs={}, groups=None, refit=False, verbose=False, system=False, metrics=None, display=<pycaret.internal.Display.Display object at 0x000001A97ED519A0>, kwargs={})
2021-10-01 09:10:33,020:INFO:Checking exceptions
2021-10-01 09:10:33,021:INFO:Importing libraries
2021-10-01 09:10:33,021:INFO:Copying training dataset
2021-10-01 09:10:33,025:INFO:Defining folds
2021-10-01 09:10:33,025:INFO:Declaring metric variables
2021-10-01 09:10:33,046:INFO:Importing untrained model
2021-10-01 09:10:33,072:INFO:Extra Trees Classifier Imported succesfully
2021-10-01 09:10:33,120:INFO:Starting cross validation
2021-10-01 09:10:33,121:INFO:Cross validating with StratifiedKFold(n_splits=10, random_state=None, shuffle=False), n_jobs=-1
2021-10-01 09:10:50,950:INFO:Calculating mean and std
2021-10-01 09:10:50,952:INFO:Creating metrics dataframe
2021-10-01 09:10:50,962:INFO:Uploading results into container
2021-10-01 09:10:50,962:INFO:Uploading model into container now
2021-10-01 09:10:50,962:INFO:create_model_container: 12
2021-10-01 09:10:50,963:INFO:master_model_container: 12
2021-10-01 09:10:50,963:INFO:display_container: 2
2021-10-01 09:10:50,965:INFO:ExtraTreesClassifier(bootstrap=False, ccp_alpha=0.0, class_weight=None,
                     criterion='gini', max_depth=None, max_features='auto',
                     max_leaf_nodes=None, max_samples=None,
                     min_impurity_decrease=0.0, min_impurity_split=None,
                     min_samples_leaf=1, min_samples_split=2,
                     min_weight_fraction_leaf=0.0, n_estimators=100, n_jobs=-1,
                     oob_score=False, random_state=123, verbose=0,
                     warm_start=False)
2021-10-01 09:10:50,965:INFO:create_model() succesfully completed......................................
2021-10-01 09:10:51,068:INFO:SubProcess create_model() end ==================================
2021-10-01 09:10:51,068:INFO:Creating metrics dataframe
2021-10-01 09:10:51,111:INFO:Initializing Extreme Gradient Boosting
2021-10-01 09:10:51,111:INFO:Total runtime is 1.9334697286287943 minutes
2021-10-01 09:10:51,130:INFO:SubProcess create_model() called ==================================
2021-10-01 09:10:51,131:INFO:Initializing create_model()
2021-10-01 09:10:51,131:INFO:create_model(estimator=xgboost, fold=StratifiedKFold(n_splits=10, random_state=None, shuffle=False), round=4, cross_validation=True, predict=True, fit_kwargs={}, groups=None, refit=False, verbose=False, system=False, metrics=None, display=<pycaret.internal.Display.Display object at 0x000001A97ED519A0>, kwargs={})
2021-10-01 09:10:51,132:INFO:Checking exceptions
2021-10-01 09:10:51,132:INFO:Importing libraries
2021-10-01 09:10:51,132:INFO:Copying training dataset
2021-10-01 09:10:51,136:INFO:Defining folds
2021-10-01 09:10:51,136:INFO:Declaring metric variables
2021-10-01 09:10:51,159:INFO:Importing untrained model
2021-10-01 09:10:51,185:INFO:Extreme Gradient Boosting Imported succesfully
2021-10-01 09:10:51,237:INFO:Starting cross validation
2021-10-01 09:10:51,245:INFO:Cross validating with StratifiedKFold(n_splits=10, random_state=None, shuffle=False), n_jobs=-1
2021-10-01 09:10:51,948:INFO:Calculating mean and std
2021-10-01 09:10:51,950:INFO:Creating metrics dataframe
2021-10-01 09:10:51,960:INFO:Uploading results into container
2021-10-01 09:10:51,961:INFO:Uploading model into container now
2021-10-01 09:10:51,961:INFO:create_model_container: 13
2021-10-01 09:10:51,961:INFO:master_model_container: 13
2021-10-01 09:10:51,961:INFO:display_container: 2
2021-10-01 09:10:51,964:INFO:XGBClassifier(base_score=None, booster='gbtree', colsample_bylevel=None,
              colsample_bynode=None, colsample_bytree=None, gamma=None,
              gpu_id=None, importance_type='gain', interaction_constraints=None,
              learning_rate=None, max_delta_step=None, max_depth=None,
              min_child_weight=None, missing=nan, monotone_constraints=None,
              n_estimators=100, n_jobs=-1, num_parallel_tree=None,
              objective='binary:logistic', random_state=123, reg_alpha=None,
              reg_lambda=None, scale_pos_weight=None, subsample=None,
              tree_method='auto', use_label_encoder=True,
              validate_parameters=None, verbosity=0)
2021-10-01 09:10:51,964:INFO:create_model() succesfully completed......................................
2021-10-01 09:10:52,093:WARNING:create_model() for XGBClassifier(base_score=None, booster='gbtree', colsample_bylevel=None,
              colsample_bynode=None, colsample_bytree=None, gamma=None,
              gpu_id=None, importance_type='gain', interaction_constraints=None,
              learning_rate=None, max_delta_step=None, max_depth=None,
              min_child_weight=None, missing=nan, monotone_constraints=None,
              n_estimators=100, n_jobs=-1, num_parallel_tree=None,
              objective='binary:logistic', random_state=123, reg_alpha=None,
              reg_lambda=None, scale_pos_weight=None, subsample=None,
              tree_method='auto', use_label_encoder=True,
              validate_parameters=None, verbosity=0) raised an exception or returned all 0.0, trying without fit_kwargs:
2021-10-01 09:10:52,098:WARNING:Traceback (most recent call last):
  File "C:\Users\lu_xi\anaconda3\envs\mma\lib\site-packages\pycaret\internal\tabular.py", line 2179, in compare_models
    assert np.sum(model_results.iloc[0]) != 0.0
AssertionError

2021-10-01 09:10:52,100:INFO:Initializing create_model()
2021-10-01 09:10:52,100:INFO:create_model(estimator=XGBClassifier(base_score=None, booster='gbtree', colsample_bylevel=None,
              colsample_bynode=None, colsample_bytree=None, gamma=None,
              gpu_id=None, importance_type='gain', interaction_constraints=None,
              learning_rate=None, max_delta_step=None, max_depth=None,
              min_child_weight=None, missing=nan, monotone_constraints=None,
              n_estimators=100, n_jobs=-1, num_parallel_tree=None,
              objective='binary:logistic', random_state=123, reg_alpha=None,
              reg_lambda=None, scale_pos_weight=None, subsample=None,
              tree_method='auto', use_label_encoder=True,
              validate_parameters=None, verbosity=0), fold=StratifiedKFold(n_splits=10, random_state=None, shuffle=False), round=4, cross_validation=True, predict=True, fit_kwargs=None, groups=None, refit=False, verbose=False, system=False, metrics=None, display=<pycaret.internal.Display.Display object at 0x000001A97ED519A0>, kwargs={})
2021-10-01 09:10:52,101:INFO:Checking exceptions
2021-10-01 09:10:52,101:INFO:Importing libraries
2021-10-01 09:10:52,101:INFO:Copying training dataset
2021-10-01 09:10:52,104:INFO:Defining folds
2021-10-01 09:10:52,104:INFO:Declaring metric variables
2021-10-01 09:10:52,127:INFO:Importing untrained model
2021-10-01 09:10:52,128:INFO:Declaring custom model
2021-10-01 09:10:52,158:INFO:Extreme Gradient Boosting Imported succesfully
2021-10-01 09:10:52,207:INFO:Starting cross validation
2021-10-01 09:10:52,214:INFO:Cross validating with StratifiedKFold(n_splits=10, random_state=None, shuffle=False), n_jobs=-1
2021-10-01 09:10:52,728:INFO:Calculating mean and std
2021-10-01 09:10:52,730:INFO:Creating metrics dataframe
2021-10-01 09:10:52,742:INFO:Uploading results into container
2021-10-01 09:10:52,742:INFO:Uploading model into container now
2021-10-01 09:10:52,742:INFO:create_model_container: 14
2021-10-01 09:10:52,743:INFO:master_model_container: 14
2021-10-01 09:10:52,743:INFO:display_container: 2
2021-10-01 09:10:52,746:INFO:XGBClassifier(base_score=None, booster='gbtree', colsample_bylevel=None,
              colsample_bynode=None, colsample_bytree=None, gamma=None,
              gpu_id=None, importance_type='gain', interaction_constraints=None,
              learning_rate=None, max_delta_step=None, max_depth=None,
              min_child_weight=None, missing=nan, monotone_constraints=None,
              n_estimators=100, n_jobs=-1, num_parallel_tree=None,
              objective='binary:logistic', random_state=123, reg_alpha=None,
              reg_lambda=None, scale_pos_weight=None, subsample=None,
              tree_method='auto', use_label_encoder=True,
              validate_parameters=None, verbosity=0)
2021-10-01 09:10:52,746:INFO:create_model() succesfully completed......................................
2021-10-01 09:10:52,853:INFO:SubProcess create_model() end ==================================
2021-10-01 09:10:52,854:INFO:Creating metrics dataframe
2021-10-01 09:10:52,894:INFO:Initializing Light Gradient Boosting Machine
2021-10-01 09:10:52,894:INFO:Total runtime is 1.9631863951683044 minutes
2021-10-01 09:10:52,911:INFO:SubProcess create_model() called ==================================
2021-10-01 09:10:52,912:INFO:Initializing create_model()
2021-10-01 09:10:52,912:INFO:create_model(estimator=lightgbm, fold=StratifiedKFold(n_splits=10, random_state=None, shuffle=False), round=4, cross_validation=True, predict=True, fit_kwargs={}, groups=None, refit=False, verbose=False, system=False, metrics=None, display=<pycaret.internal.Display.Display object at 0x000001A97ED519A0>, kwargs={})
2021-10-01 09:10:52,913:INFO:Checking exceptions
2021-10-01 09:10:52,913:INFO:Importing libraries
2021-10-01 09:10:52,913:INFO:Copying training dataset
2021-10-01 09:10:52,917:INFO:Defining folds
2021-10-01 09:10:52,917:INFO:Declaring metric variables
2021-10-01 09:10:52,937:INFO:Importing untrained model
2021-10-01 09:10:52,956:INFO:Light Gradient Boosting Machine Imported succesfully
2021-10-01 09:10:53,000:INFO:Starting cross validation
2021-10-01 09:10:53,002:INFO:Cross validating with StratifiedKFold(n_splits=10, random_state=None, shuffle=False), n_jobs=-1
2021-10-01 09:10:57,566:INFO:Calculating mean and std
2021-10-01 09:10:57,571:INFO:Creating metrics dataframe
2021-10-01 09:10:57,583:INFO:Uploading results into container
2021-10-01 09:10:57,583:INFO:Uploading model into container now
2021-10-01 09:10:57,584:INFO:create_model_container: 15
2021-10-01 09:10:57,584:INFO:master_model_container: 15
2021-10-01 09:10:57,585:INFO:display_container: 2
2021-10-01 09:10:57,586:INFO:LGBMClassifier(boosting_type='gbdt', class_weight=None, colsample_bytree=1.0,
               importance_type='split', learning_rate=0.1, max_depth=-1,
               min_child_samples=20, min_child_weight=0.001, min_split_gain=0.0,
               n_estimators=100, n_jobs=-1, num_leaves=31, objective=None,
               random_state=123, reg_alpha=0.0, reg_lambda=0.0, silent=True,
               subsample=1.0, subsample_for_bin=200000, subsample_freq=0)
2021-10-01 09:10:57,586:INFO:create_model() succesfully completed......................................
2021-10-01 09:10:57,736:INFO:SubProcess create_model() end ==================================
2021-10-01 09:10:57,737:INFO:Creating metrics dataframe
2021-10-01 09:10:57,821:INFO:Initializing CatBoost Classifier
2021-10-01 09:10:57,821:INFO:Total runtime is 2.045295226573944 minutes
2021-10-01 09:10:57,897:INFO:SubProcess create_model() called ==================================
2021-10-01 09:10:57,898:INFO:Initializing create_model()
2021-10-01 09:10:57,898:INFO:create_model(estimator=catboost, fold=StratifiedKFold(n_splits=10, random_state=None, shuffle=False), round=4, cross_validation=True, predict=True, fit_kwargs={}, groups=None, refit=False, verbose=False, system=False, metrics=None, display=<pycaret.internal.Display.Display object at 0x000001A97ED519A0>, kwargs={})
2021-10-01 09:10:57,898:INFO:Checking exceptions
2021-10-01 09:10:57,899:INFO:Importing libraries
2021-10-01 09:10:57,899:INFO:Copying training dataset
2021-10-01 09:10:57,902:INFO:Defining folds
2021-10-01 09:10:57,903:INFO:Declaring metric variables
2021-10-01 09:10:57,953:INFO:Importing untrained model
2021-10-01 09:10:57,972:INFO:CatBoost Classifier Imported succesfully
2021-10-01 09:10:58,040:INFO:Starting cross validation
2021-10-01 09:10:58,047:INFO:Cross validating with StratifiedKFold(n_splits=10, random_state=None, shuffle=False), n_jobs=-1
2021-10-01 09:12:39,746:INFO:Calculating mean and std
2021-10-01 09:12:39,747:INFO:Creating metrics dataframe
2021-10-01 09:12:39,756:INFO:Uploading results into container
2021-10-01 09:12:39,757:INFO:Uploading model into container now
2021-10-01 09:12:39,758:INFO:create_model_container: 16
2021-10-01 09:12:39,758:INFO:master_model_container: 16
2021-10-01 09:12:39,759:INFO:display_container: 2
2021-10-01 09:12:39,759:INFO:<catboost.core.CatBoostClassifier object at 0x000001A9000166A0>
2021-10-01 09:12:39,759:INFO:create_model() succesfully completed......................................
2021-10-01 09:12:39,887:INFO:SubProcess create_model() end ==================================
2021-10-01 09:12:39,887:INFO:Creating metrics dataframe
2021-10-01 09:12:39,989:INFO:Initializing create_model()
2021-10-01 09:12:39,989:INFO:create_model(estimator=GradientBoostingClassifier(ccp_alpha=0.0, criterion='friedman_mse', init=None,
                           learning_rate=0.1, loss='deviance', max_depth=3,
                           max_features=None, max_leaf_nodes=None,
                           min_impurity_decrease=0.0, min_impurity_split=None,
                           min_samples_leaf=1, min_samples_split=2,
                           min_weight_fraction_leaf=0.0, n_estimators=100,
                           n_iter_no_change=None, presort='deprecated',
                           random_state=123, subsample=1.0, tol=0.0001,
                           validation_fraction=0.1, verbose=0,
                           warm_start=False), fold=StratifiedKFold(n_splits=10, random_state=None, shuffle=False), round=4, cross_validation=False, predict=False, fit_kwargs={}, groups=None, refit=True, verbose=False, system=False, metrics=None, display=None, kwargs={})
2021-10-01 09:12:39,991:INFO:Checking exceptions
2021-10-01 09:12:39,992:INFO:Importing libraries
2021-10-01 09:12:39,992:INFO:Copying training dataset
2021-10-01 09:12:39,994:INFO:Defining folds
2021-10-01 09:12:39,995:INFO:Declaring metric variables
2021-10-01 09:12:39,995:INFO:Importing untrained model
2021-10-01 09:12:39,995:INFO:Declaring custom model
2021-10-01 09:12:39,997:INFO:Gradient Boosting Classifier Imported succesfully
2021-10-01 09:12:39,998:INFO:Cross validation set to False
2021-10-01 09:12:39,998:INFO:Fitting Model
2021-10-01 09:12:51,208:INFO:GradientBoostingClassifier(ccp_alpha=0.0, criterion='friedman_mse', init=None,
                           learning_rate=0.1, loss='deviance', max_depth=3,
                           max_features=None, max_leaf_nodes=None,
                           min_impurity_decrease=0.0, min_impurity_split=None,
                           min_samples_leaf=1, min_samples_split=2,
                           min_weight_fraction_leaf=0.0, n_estimators=100,
                           n_iter_no_change=None, presort='deprecated',
                           random_state=123, subsample=1.0, tol=0.0001,
                           validation_fraction=0.1, verbose=0,
                           warm_start=False)
2021-10-01 09:12:51,208:INFO:create_models() succesfully completed......................................
2021-10-01 09:12:51,592:INFO:create_model_container: 16
2021-10-01 09:12:51,592:INFO:master_model_container: 16
2021-10-01 09:12:51,592:INFO:display_container: 2
2021-10-01 09:12:51,594:INFO:GradientBoostingClassifier(ccp_alpha=0.0, criterion='friedman_mse', init=None,
                           learning_rate=0.1, loss='deviance', max_depth=3,
                           max_features=None, max_leaf_nodes=None,
                           min_impurity_decrease=0.0, min_impurity_split=None,
                           min_samples_leaf=1, min_samples_split=2,
                           min_weight_fraction_leaf=0.0, n_estimators=100,
                           n_iter_no_change=None, presort='deprecated',
                           random_state=123, subsample=1.0, tol=0.0001,
                           validation_fraction=0.1, verbose=0,
                           warm_start=False)
2021-10-01 09:12:51,594:INFO:compare_models() succesfully completed......................................
2021-10-01 19:19:28,344:INFO:Initializing predict_model()
2021-10-01 19:19:28,348:INFO:predict_model(estimator=GradientBoostingClassifier(ccp_alpha=0.0, criterion='friedman_mse', init=None,
                           learning_rate=0.1, loss='deviance', max_depth=3,
                           max_features=None, max_leaf_nodes=None,
                           min_impurity_decrease=0.0, min_impurity_split=None,
                           min_samples_leaf=1, min_samples_split=2,
                           min_weight_fraction_leaf=0.0, n_estimators=100,
                           n_iter_no_change=None, presort='deprecated',
                           random_state=123, subsample=1.0, tol=0.0001,
                           validation_fraction=0.1, verbose=0,
                           warm_start=False), probability_threshold=None, encoded_labels=False, raw_score=False, round=4, verbose=True, ml_usecase=MLUsecase.CLASSIFICATION, display=None)
2021-10-01 19:19:28,349:INFO:Checking exceptions
2021-10-01 19:19:28,349:INFO:Preloading libraries
2021-10-01 19:19:28,354:INFO:Preparing display monitor
2021-10-01 19:20:21,941:INFO:Initializing finalize_model()
2021-10-01 19:20:21,941:INFO:finalize_model(estimator=GradientBoostingClassifier(ccp_alpha=0.0, criterion='friedman_mse', init=None,
                           learning_rate=0.1, loss='deviance', max_depth=3,
                           max_features=None, max_leaf_nodes=None,
                           min_impurity_decrease=0.0, min_impurity_split=None,
                           min_samples_leaf=1, min_samples_split=2,
                           min_weight_fraction_leaf=0.0, n_estimators=100,
                           n_iter_no_change=None, presort='deprecated',
                           random_state=123, subsample=1.0, tol=0.0001,
                           validation_fraction=0.1, verbose=0,
                           warm_start=False), fit_kwargs=None, groups=None, model_only=True, display=None)
2021-10-01 19:20:21,941:INFO:Finalizing GradientBoostingClassifier(ccp_alpha=0.0, criterion='friedman_mse', init=None,
                           learning_rate=0.1, loss='deviance', max_depth=3,
                           max_features=None, max_leaf_nodes=None,
                           min_impurity_decrease=0.0, min_impurity_split=None,
                           min_samples_leaf=1, min_samples_split=2,
                           min_weight_fraction_leaf=0.0, n_estimators=100,
                           n_iter_no_change=None, presort='deprecated',
                           random_state=123, subsample=1.0, tol=0.0001,
                           validation_fraction=0.1, verbose=0,
                           warm_start=False)
2021-10-01 19:20:21,941:INFO:Initializing create_model()
2021-10-01 19:20:21,941:INFO:create_model(estimator=GradientBoostingClassifier(ccp_alpha=0.0, criterion='friedman_mse', init=None,
                           learning_rate=0.1, loss='deviance', max_depth=3,
                           max_features=None, max_leaf_nodes=None,
                           min_impurity_decrease=0.0, min_impurity_split=None,
                           min_samples_leaf=1, min_samples_split=2,
                           min_weight_fraction_leaf=0.0, n_estimators=100,
                           n_iter_no_change=None, presort='deprecated',
                           random_state=123, subsample=1.0, tol=0.0001,
                           validation_fraction=0.1, verbose=0,
                           warm_start=False), fold=None, round=4, cross_validation=True, predict=True, fit_kwargs={}, groups=None, refit=True, verbose=False, system=False, metrics=None, display=None, kwargs={})
2021-10-01 19:20:21,941:INFO:Checking exceptions
2021-10-01 19:20:21,941:INFO:Importing libraries
2021-10-01 19:20:21,941:INFO:Copying training dataset
2021-10-01 19:20:21,964:INFO:Defining folds
2021-10-01 19:20:21,965:INFO:Declaring metric variables
2021-10-01 19:20:21,965:INFO:Importing untrained model
2021-10-01 19:20:21,965:INFO:Declaring custom model
2021-10-01 19:20:21,966:INFO:Gradient Boosting Classifier Imported succesfully
2021-10-01 19:20:21,966:INFO:Starting cross validation
2021-10-01 19:20:21,967:INFO:Cross validating with StratifiedKFold(n_splits=10, random_state=None, shuffle=False), n_jobs=-1
2021-10-01 19:21:14,962:INFO:Calculating mean and std
2021-10-01 19:21:14,964:INFO:Creating metrics dataframe
2021-10-01 19:21:14,981:INFO:Finalizing model
2021-10-01 19:21:23,601:INFO:Uploading results into container
2021-10-01 19:21:23,601:INFO:Uploading model into container now
2021-10-01 19:21:23,602:INFO:create_model_container: 17
2021-10-01 19:21:23,603:INFO:master_model_container: 17
2021-10-01 19:21:23,603:INFO:display_container: 4
2021-10-01 19:21:23,604:INFO:GradientBoostingClassifier(ccp_alpha=0.0, criterion='friedman_mse', init=None,
                           learning_rate=0.1, loss='deviance', max_depth=3,
                           max_features=None, max_leaf_nodes=None,
                           min_impurity_decrease=0.0, min_impurity_split=None,
                           min_samples_leaf=1, min_samples_split=2,
                           min_weight_fraction_leaf=0.0, n_estimators=100,
                           n_iter_no_change=None, presort='deprecated',
                           random_state=123, subsample=1.0, tol=0.0001,
                           validation_fraction=0.1, verbose=0,
                           warm_start=False)
2021-10-01 19:21:23,605:INFO:create_model() succesfully completed......................................
2021-10-01 19:21:23,691:INFO:create_model_container: 17
2021-10-01 19:21:23,691:INFO:master_model_container: 17
2021-10-01 19:21:23,691:INFO:display_container: 3
2021-10-01 19:21:23,691:INFO:GradientBoostingClassifier(ccp_alpha=0.0, criterion='friedman_mse', init=None,
                           learning_rate=0.1, loss='deviance', max_depth=3,
                           max_features=None, max_leaf_nodes=None,
                           min_impurity_decrease=0.0, min_impurity_split=None,
                           min_samples_leaf=1, min_samples_split=2,
                           min_weight_fraction_leaf=0.0, n_estimators=100,
                           n_iter_no_change=None, presort='deprecated',
                           random_state=123, subsample=1.0, tol=0.0001,
                           validation_fraction=0.1, verbose=0,
                           warm_start=False)
2021-10-01 19:21:23,691:INFO:finalize_model() succesfully completed......................................
